2023-11-05 15:54:46,406 INFO com.example.demo.SareetaApplication [main] Starting SareetaApplication on DESKTOP-08SUEDK with PID 7948 (D:\Udacity\P4-Ecommerce\nd035-c4-Security-and-DevOps\starter_code\target\classes started by NAM-PC in D:\Udacity\P4-Ecommerce\nd035-c4-Security-and-DevOps\starter_code)
2023-11-05 15:54:46,410 DEBUG com.example.demo.SareetaApplication [main] Running with Spring Boot v2.1.5.RELEASE, Spring v5.1.7.RELEASE
2023-11-05 15:54:46,411 INFO com.example.demo.SareetaApplication [main] No active profile set, falling back to default profiles: default
2023-11-05 15:54:47,535 INFO org.apache.catalina.core.StandardService [main] Starting service [Tomcat]
2023-11-05 15:54:47,536 INFO org.apache.catalina.core.StandardEngine [main] Starting Servlet engine: [Apache Tomcat/9.0.19]
2023-11-05 15:54:47,626 INFO org.apache.catalina.core.ContainerBase.[Tomcat].[localhost].[/] [main] Initializing Spring embedded WebApplicationContext
2023-11-05 15:54:47,744 INFO com.zaxxer.hikari.HikariDataSource [main] HikariPool-1 - Starting...
2023-11-05 15:54:47,878 INFO com.zaxxer.hikari.HikariDataSource [main] HikariPool-1 - Start completed.
2023-11-05 15:54:47,922 INFO org.hibernate.jpa.internal.util.LogHelper [main] HHH000204: Processing PersistenceUnitInfo [
	name: default
	...]
2023-11-05 15:54:48,004 INFO org.hibernate.Version [main] HHH000412: Hibernate Core {5.3.10.Final}
2023-11-05 15:54:48,005 INFO org.hibernate.cfg.Environment [main] HHH000206: hibernate.properties not found
2023-11-05 15:54:48,108 INFO org.hibernate.annotations.common.Version [main] HCANN000001: Hibernate Commons Annotations {5.0.4.Final}
2023-11-05 15:54:48,227 INFO org.hibernate.dialect.Dialect [main] HHH000400: Using dialect: org.hibernate.dialect.H2Dialect
2023-11-05 15:54:49,513 INFO com.example.demo.SareetaApplication [main] Started SareetaApplication in 3.741 seconds (JVM running for 4.32)
2023-11-05 16:02:13,028 INFO com.zaxxer.hikari.HikariDataSource [Thread-3] HikariPool-1 - Shutdown initiated...
2023-11-05 16:02:13,030 INFO com.zaxxer.hikari.HikariDataSource [Thread-3] HikariPool-1 - Shutdown completed.
2023-11-05 16:02:21,927 INFO com.example.demo.SareetaApplication [main] Starting SareetaApplication on DESKTOP-08SUEDK with PID 8372 (D:\Udacity\P4-Ecommerce\nd035-c4-Security-and-DevOps\starter_code\target\classes started by NAM-PC in D:\Udacity\P4-Ecommerce\nd035-c4-Security-and-DevOps\starter_code)
2023-11-05 16:02:21,929 DEBUG com.example.demo.SareetaApplication [main] Running with Spring Boot v2.1.5.RELEASE, Spring v5.1.7.RELEASE
2023-11-05 16:02:21,929 INFO com.example.demo.SareetaApplication [main] No active profile set, falling back to default profiles: default
2023-11-05 16:02:22,777 INFO org.apache.catalina.core.StandardService [main] Starting service [Tomcat]
2023-11-05 16:02:22,777 INFO org.apache.catalina.core.StandardEngine [main] Starting Servlet engine: [Apache Tomcat/9.0.19]
2023-11-05 16:02:22,858 INFO org.apache.catalina.core.ContainerBase.[Tomcat].[localhost].[/] [main] Initializing Spring embedded WebApplicationContext
2023-11-05 16:02:22,954 INFO com.zaxxer.hikari.HikariDataSource [main] HikariPool-1 - Starting...
2023-11-05 16:02:23,052 INFO com.zaxxer.hikari.HikariDataSource [main] HikariPool-1 - Start completed.
2023-11-05 16:02:23,084 INFO org.hibernate.jpa.internal.util.LogHelper [main] HHH000204: Processing PersistenceUnitInfo [
	name: default
	...]
2023-11-05 16:02:23,123 INFO org.hibernate.Version [main] HHH000412: Hibernate Core {5.3.10.Final}
2023-11-05 16:02:23,124 INFO org.hibernate.cfg.Environment [main] HHH000206: hibernate.properties not found
2023-11-05 16:02:23,212 INFO org.hibernate.annotations.common.Version [main] HCANN000001: Hibernate Commons Annotations {5.0.4.Final}
2023-11-05 16:02:23,299 INFO org.hibernate.dialect.Dialect [main] HHH000400: Using dialect: org.hibernate.dialect.H2Dialect
2023-11-05 16:02:24,457 INFO com.example.demo.SareetaApplication [main] Started SareetaApplication in 2.765 seconds (JVM running for 3.213)
2023-11-05 16:05:33,407 INFO org.apache.catalina.core.ContainerBase.[Tomcat].[localhost].[/] [http-nio-8080-exec-2] Initializing Spring DispatcherServlet 'dispatcherServlet'
2023-11-05 16:05:33,509 ERROR org.apache.catalina.core.ContainerBase.[Tomcat].[localhost].[/].[dispatcherServlet] [http-nio-8080-exec-2] Servlet.service() for servlet [dispatcherServlet] in context with path [] threw exception [Request processing failed; nested exception is java.lang.NullPointerException: Cannot invoke "String.length()" because the return value of "com.example.demo.model.requests.CreateUserRequest.getPassword()" is null] with root cause
java.lang.NullPointerException: Cannot invoke "String.length()" because the return value of "com.example.demo.model.requests.CreateUserRequest.getPassword()" is null
	at com.example.demo.controller.UserController.createUser(UserController.java:49)
	at java.base/jdk.internal.reflect.NativeMethodAccessorImpl.invoke0(Native Method)
	at java.base/jdk.internal.reflect.NativeMethodAccessorImpl.invoke(NativeMethodAccessorImpl.java:77)
	at java.base/jdk.internal.reflect.DelegatingMethodAccessorImpl.invoke(DelegatingMethodAccessorImpl.java:43)
	at java.base/java.lang.reflect.Method.invoke(Method.java:568)
	at org.springframework.web.method.support.InvocableHandlerMethod.doInvoke(InvocableHandlerMethod.java:190)
	at org.springframework.web.method.support.InvocableHandlerMethod.invokeForRequest(InvocableHandlerMethod.java:138)
	at org.springframework.web.servlet.mvc.method.annotation.ServletInvocableHandlerMethod.invokeAndHandle(ServletInvocableHandlerMethod.java:104)
	at org.springframework.web.servlet.mvc.method.annotation.RequestMappingHandlerAdapter.invokeHandlerMethod(RequestMappingHandlerAdapter.java:892)
	at org.springframework.web.servlet.mvc.method.annotation.RequestMappingHandlerAdapter.handleInternal(RequestMappingHandlerAdapter.java:797)
	at org.springframework.web.servlet.mvc.method.AbstractHandlerMethodAdapter.handle(AbstractHandlerMethodAdapter.java:87)
	at org.springframework.web.servlet.DispatcherServlet.doDispatch(DispatcherServlet.java:1039)
	at org.springframework.web.servlet.DispatcherServlet.doService(DispatcherServlet.java:942)
	at org.springframework.web.servlet.FrameworkServlet.processRequest(FrameworkServlet.java:1005)
	at org.springframework.web.servlet.FrameworkServlet.doPost(FrameworkServlet.java:908)
	at javax.servlet.http.HttpServlet.service(HttpServlet.java:660)
	at org.springframework.web.servlet.FrameworkServlet.service(FrameworkServlet.java:882)
	at javax.servlet.http.HttpServlet.service(HttpServlet.java:741)
	at org.apache.catalina.core.ApplicationFilterChain.internalDoFilter(ApplicationFilterChain.java:231)
	at org.apache.catalina.core.ApplicationFilterChain.doFilter(ApplicationFilterChain.java:166)
	at org.apache.tomcat.websocket.server.WsFilter.doFilter(WsFilter.java:53)
	at org.apache.catalina.core.ApplicationFilterChain.internalDoFilter(ApplicationFilterChain.java:193)
	at org.apache.catalina.core.ApplicationFilterChain.doFilter(ApplicationFilterChain.java:166)
	at org.springframework.security.web.FilterChainProxy$VirtualFilterChain.doFilter(FilterChainProxy.java:320)
	at org.springframework.security.web.access.intercept.FilterSecurityInterceptor.invoke(FilterSecurityInterceptor.java:127)
	at org.springframework.security.web.access.intercept.FilterSecurityInterceptor.doFilter(FilterSecurityInterceptor.java:91)
	at org.springframework.security.web.FilterChainProxy$VirtualFilterChain.doFilter(FilterChainProxy.java:334)
	at org.springframework.security.web.access.ExceptionTranslationFilter.doFilter(ExceptionTranslationFilter.java:119)
	at org.springframework.security.web.FilterChainProxy$VirtualFilterChain.doFilter(FilterChainProxy.java:334)
	at org.springframework.security.web.session.SessionManagementFilter.doFilter(SessionManagementFilter.java:137)
	at org.springframework.security.web.FilterChainProxy$VirtualFilterChain.doFilter(FilterChainProxy.java:334)
	at org.springframework.security.web.authentication.AnonymousAuthenticationFilter.doFilter(AnonymousAuthenticationFilter.java:111)
	at org.springframework.security.web.FilterChainProxy$VirtualFilterChain.doFilter(FilterChainProxy.java:334)
	at org.springframework.security.web.servletapi.SecurityContextHolderAwareRequestFilter.doFilter(SecurityContextHolderAwareRequestFilter.java:170)
	at org.springframework.security.web.FilterChainProxy$VirtualFilterChain.doFilter(FilterChainProxy.java:334)
	at org.springframework.security.web.savedrequest.RequestCacheAwareFilter.doFilter(RequestCacheAwareFilter.java:63)
	at org.springframework.security.web.FilterChainProxy$VirtualFilterChain.doFilter(FilterChainProxy.java:334)
	at com.example.demo.security.AuthenticationVerificationFilter.doFilterInternal(AuthenticationVerificationFilter.java:48)
	at org.springframework.web.filter.OncePerRequestFilter.doFilter(OncePerRequestFilter.java:107)
	at org.springframework.security.web.FilterChainProxy$VirtualFilterChain.doFilter(FilterChainProxy.java:334)
	at org.springframework.security.web.authentication.AbstractAuthenticationProcessingFilter.doFilter(AbstractAuthenticationProcessingFilter.java:200)
	at org.springframework.security.web.FilterChainProxy$VirtualFilterChain.doFilter(FilterChainProxy.java:334)
	at org.springframework.security.web.authentication.logout.LogoutFilter.doFilter(LogoutFilter.java:116)
	at org.springframework.security.web.FilterChainProxy$VirtualFilterChain.doFilter(FilterChainProxy.java:334)
	at org.springframework.web.filter.CorsFilter.doFilterInternal(CorsFilter.java:96)
	at org.springframework.web.filter.OncePerRequestFilter.doFilter(OncePerRequestFilter.java:107)
	at org.springframework.security.web.FilterChainProxy$VirtualFilterChain.doFilter(FilterChainProxy.java:334)
	at org.springframework.security.web.header.HeaderWriterFilter.doFilterInternal(HeaderWriterFilter.java:74)
	at org.springframework.web.filter.OncePerRequestFilter.doFilter(OncePerRequestFilter.java:107)
	at org.springframework.security.web.FilterChainProxy$VirtualFilterChain.doFilter(FilterChainProxy.java:334)
	at org.springframework.security.web.context.SecurityContextPersistenceFilter.doFilter(SecurityContextPersistenceFilter.java:105)
	at org.springframework.security.web.FilterChainProxy$VirtualFilterChain.doFilter(FilterChainProxy.java:334)
	at org.springframework.security.web.context.request.async.WebAsyncManagerIntegrationFilter.doFilterInternal(WebAsyncManagerIntegrationFilter.java:56)
	at org.springframework.web.filter.OncePerRequestFilter.doFilter(OncePerRequestFilter.java:107)
	at org.springframework.security.web.FilterChainProxy$VirtualFilterChain.doFilter(FilterChainProxy.java:334)
	at org.springframework.security.web.FilterChainProxy.doFilterInternal(FilterChainProxy.java:215)
	at org.springframework.security.web.FilterChainProxy.doFilter(FilterChainProxy.java:178)
	at org.springframework.web.filter.DelegatingFilterProxy.invokeDelegate(DelegatingFilterProxy.java:357)
	at org.springframework.web.filter.DelegatingFilterProxy.doFilter(DelegatingFilterProxy.java:270)
	at org.apache.catalina.core.ApplicationFilterChain.internalDoFilter(ApplicationFilterChain.java:193)
	at org.apache.catalina.core.ApplicationFilterChain.doFilter(ApplicationFilterChain.java:166)
	at org.springframework.web.filter.RequestContextFilter.doFilterInternal(RequestContextFilter.java:99)
	at org.springframework.web.filter.OncePerRequestFilter.doFilter(OncePerRequestFilter.java:107)
	at org.apache.catalina.core.ApplicationFilterChain.internalDoFilter(ApplicationFilterChain.java:193)
	at org.apache.catalina.core.ApplicationFilterChain.doFilter(ApplicationFilterChain.java:166)
	at org.springframework.web.filter.FormContentFilter.doFilterInternal(FormContentFilter.java:92)
	at org.springframework.web.filter.OncePerRequestFilter.doFilter(OncePerRequestFilter.java:107)
	at org.apache.catalina.core.ApplicationFilterChain.internalDoFilter(ApplicationFilterChain.java:193)
	at org.apache.catalina.core.ApplicationFilterChain.doFilter(ApplicationFilterChain.java:166)
	at org.springframework.web.filter.HiddenHttpMethodFilter.doFilterInternal(HiddenHttpMethodFilter.java:93)
	at org.springframework.web.filter.OncePerRequestFilter.doFilter(OncePerRequestFilter.java:107)
	at org.apache.catalina.core.ApplicationFilterChain.internalDoFilter(ApplicationFilterChain.java:193)
	at org.apache.catalina.core.ApplicationFilterChain.doFilter(ApplicationFilterChain.java:166)
	at org.springframework.web.filter.CharacterEncodingFilter.doFilterInternal(CharacterEncodingFilter.java:200)
	at org.springframework.web.filter.OncePerRequestFilter.doFilter(OncePerRequestFilter.java:107)
	at org.apache.catalina.core.ApplicationFilterChain.internalDoFilter(ApplicationFilterChain.java:193)
	at org.apache.catalina.core.ApplicationFilterChain.doFilter(ApplicationFilterChain.java:166)
	at org.apache.catalina.core.StandardWrapperValve.invoke(StandardWrapperValve.java:200)
	at org.apache.catalina.core.StandardContextValve.invoke(StandardContextValve.java:96)
	at org.apache.catalina.authenticator.AuthenticatorBase.invoke(AuthenticatorBase.java:490)
	at org.apache.catalina.core.StandardHostValve.invoke(StandardHostValve.java:139)
	at org.apache.catalina.valves.ErrorReportValve.invoke(ErrorReportValve.java:92)
	at org.apache.catalina.core.StandardEngineValve.invoke(StandardEngineValve.java:74)
	at org.apache.catalina.connector.CoyoteAdapter.service(CoyoteAdapter.java:343)
	at org.apache.coyote.http11.Http11Processor.service(Http11Processor.java:408)
	at org.apache.coyote.AbstractProcessorLight.process(AbstractProcessorLight.java:66)
	at org.apache.coyote.AbstractProtocol$ConnectionHandler.process(AbstractProtocol.java:836)
	at org.apache.tomcat.util.net.NioEndpoint$SocketProcessor.doRun(NioEndpoint.java:1747)
	at org.apache.tomcat.util.net.SocketProcessorBase.run(SocketProcessorBase.java:49)
	at java.base/java.util.concurrent.ThreadPoolExecutor.runWorker(ThreadPoolExecutor.java:1136)
	at java.base/java.util.concurrent.ThreadPoolExecutor$Worker.run(ThreadPoolExecutor.java:635)
	at org.apache.tomcat.util.threads.TaskThread$WrappingRunnable.run(TaskThread.java:61)
	at java.base/java.lang.Thread.run(Thread.java:833)
2023-11-05 16:05:57,105 INFO com.example.demo.controller.UserController [http-nio-8080-exec-4] Create user failure!
2023-11-05 16:06:04,529 INFO com.example.demo.controller.UserController [http-nio-8080-exec-5] Create user failure!
2023-11-05 16:06:09,927 INFO com.example.demo.controller.UserController [http-nio-8080-exec-8] Create user failure!
2023-11-05 16:06:19,346 INFO com.example.demo.controller.UserController [http-nio-8080-exec-10] Create user failure!
2023-11-05 16:08:57,894 INFO com.example.demo.controller.UserController [http-nio-8080-exec-2] Create user successful.
2023-11-05 16:12:35,594 DEBUG com.example.demo.security.AuthenticationFilter [http-nio-8080-exec-5] Request is to process authentication
2023-11-05 16:12:35,692 INFO org.hibernate.hql.internal.QueryTranslatorFactoryInitiator [http-nio-8080-exec-5] HHH000397: Using ASTQueryTranslatorFactory
2023-11-05 16:16:18,511 INFO com.example.demo.controller.OrderController [http-nio-8080-exec-9] Order request successful.
2023-11-05 16:23:13,373 INFO com.example.demo.controller.OrderController [http-nio-8080-exec-8] Order request successful.
2023-11-05 16:23:41,487 INFO com.example.demo.controller.OrderController [http-nio-8080-exec-9] Order request failure! Username not found!
2023-11-05 16:23:48,032 INFO com.example.demo.controller.OrderController [http-nio-8080-exec-10] Order request failure! Username not found!
